2016-02-20 23:27:32,785 [main] INFO  c.g.t.t.d.PublishedGradleVersions - Gradle version information cache file is out-of-date. Remote download required.
2016-02-21 12:57:06,115 [main] INFO  c.g.t.t.d.PublishedGradleVersions - Gradle version information cache file is not out-of-date. No remote download required.
2016-02-21 18:37:01,700 [main] INFO  c.g.t.t.d.PublishedGradleVersions - Gradle version information cache file is not out-of-date. No remote download required.
2016-02-22 14:51:49,658 [main] INFO  c.g.t.t.d.PublishedGradleVersions - Gradle version information cache file is out-of-date. Remote download required.
2016-02-25 14:47:26,374 [main] INFO  c.g.t.t.d.PublishedGradleVersions - Gradle version information cache file is out-of-date. Remote download required.
2016-02-27 10:05:40,749 [main] INFO  c.g.t.t.d.PublishedGradleVersions - Gradle version information cache file is out-of-date. Remote download required.
2016-02-28 00:01:29,092 [main] INFO  c.g.t.t.d.PublishedGradleVersions - Gradle version information cache file is not out-of-date. No remote download required.
2016-02-28 09:51:17,217 [main] INFO  c.g.t.t.d.PublishedGradleVersions - Gradle version information cache file is not out-of-date. No remote download required.
2016-02-28 13:28:44,084 [main] INFO  c.g.t.t.d.PublishedGradleVersions - Gradle version information cache file is out-of-date. Remote download required.
2016-02-29 21:57:47,753 [main] INFO  c.g.t.t.d.PublishedGradleVersions - Gradle version information cache file is out-of-date. Remote download required.
2016-03-01 14:40:53,209 [main] INFO  c.g.t.t.d.PublishedGradleVersions - Gradle version information cache file is not out-of-date. No remote download required.
2016-03-02 14:12:47,283 [main] INFO  c.g.t.t.d.PublishedGradleVersions - Gradle version information cache file is out-of-date. Remote download required.
2016-03-03 13:58:00,287 [main] INFO  c.g.t.t.d.PublishedGradleVersions - Gradle version information cache file is not out-of-date. No remote download required.
2016-03-04 19:47:12,418 [main] INFO  c.g.t.t.d.PublishedGradleVersions - Gradle version information cache file is out-of-date. Remote download required.
2016-03-05 08:17:03,396 [main] INFO  c.g.t.t.d.PublishedGradleVersions - Gradle version information cache file is not out-of-date. No remote download required.
2016-03-06 08:07:35,609 [main] INFO  c.g.t.t.d.PublishedGradleVersions - Gradle version information cache file is out-of-date. Remote download required.
2016-03-06 08:07:35,803 [main] ERROR c.g.t.t.d.PublishedGradleVersions - Cannot download published Gradle versions.
javax.net.ssl.SSLHandshakeException: Remote host closed connection during handshake
	at sun.security.ssl.SSLSocketImpl.readRecord(Unknown Source) ~[na:1.7.0_79]
	at sun.security.ssl.SSLSocketImpl.performInitialHandshake(Unknown Source) ~[na:1.7.0_79]
	at sun.security.ssl.SSLSocketImpl.startHandshake(Unknown Source) ~[na:1.7.0_79]
	at sun.security.ssl.SSLSocketImpl.startHandshake(Unknown Source) ~[na:1.7.0_79]
	at sun.net.www.protocol.https.HttpsClient.afterConnect(Unknown Source) ~[na:1.7.0_79]
	at sun.net.www.protocol.https.AbstractDelegateHttpsURLConnection.connect(Unknown Source) ~[na:1.7.0_79]
	at sun.net.www.protocol.http.HttpURLConnection.getInputStream(Unknown Source) ~[na:1.7.0_79]
	at sun.net.www.protocol.https.HttpsURLConnectionImpl.getInputStream(Unknown Source) ~[na:1.7.0_79]
	at com.gradleware.tooling.toolingutils.distribution.PublishedGradleVersions.downloadVersionInformation(PublishedGradleVersions.java:167) [com.gradleware.tooling.utils_0.6.1.v201509101146.jar:na]
	at com.gradleware.tooling.toolingutils.distribution.PublishedGradleVersions.create(PublishedGradleVersions.java:134) [com.gradleware.tooling.utils_0.6.1.v201509101146.jar:na]
	at org.eclipse.buildship.core.util.gradle.PublishedGradleVersionsWrapper.create(PublishedGradleVersionsWrapper.java:40) [org.eclipse.buildship.core_1.0.5.v20150922-2202.jar:na]
	at org.eclipse.buildship.core.util.gradle.PublishedGradleVersionsWrapper.<init>(PublishedGradleVersionsWrapper.java:35) [org.eclipse.buildship.core_1.0.5.v20150922-2202.jar:na]
	at org.eclipse.buildship.core.CorePlugin.createPublishedGradleVersions(CorePlugin.java:166) [org.eclipse.buildship.core_1.0.5.v20150922-2202.jar:na]
	at org.eclipse.buildship.core.CorePlugin.registerServices(CorePlugin.java:139) [org.eclipse.buildship.core_1.0.5.v20150922-2202.jar:na]
	at org.eclipse.buildship.core.CorePlugin.start(CorePlugin.java:102) [org.eclipse.buildship.core_1.0.5.v20150922-2202.jar:na]
	at org.eclipse.osgi.internal.framework.BundleContextImpl$3.run(BundleContextImpl.java:771) [org.eclipse.osgi_3.10.101.v20150820-1432.jar:na]
	at org.eclipse.osgi.internal.framework.BundleContextImpl$3.run(BundleContextImpl.java:1) [org.eclipse.osgi_3.10.101.v20150820-1432.jar:na]
	at java.security.AccessController.doPrivileged(Native Method) [na:1.7.0_79]
	at org.eclipse.osgi.internal.framework.BundleContextImpl.startActivator(BundleContextImpl.java:764) [org.eclipse.osgi_3.10.101.v20150820-1432.jar:na]
	at org.eclipse.osgi.internal.framework.BundleContextImpl.start(BundleContextImpl.java:721) [org.eclipse.osgi_3.10.101.v20150820-1432.jar:na]
	at org.eclipse.osgi.internal.framework.EquinoxBundle.startWorker0(EquinoxBundle.java:941) [org.eclipse.osgi_3.10.101.v20150820-1432.jar:na]
	at org.eclipse.osgi.internal.framework.EquinoxBundle$EquinoxModule.startWorker(EquinoxBundle.java:318) [org.eclipse.osgi_3.10.101.v20150820-1432.jar:na]
	at org.eclipse.osgi.container.Module.doStart(Module.java:571) [org.eclipse.osgi_3.10.101.v20150820-1432.jar:na]
	at org.eclipse.osgi.container.Module.start(Module.java:439) [org.eclipse.osgi_3.10.101.v20150820-1432.jar:na]
	at org.eclipse.osgi.framework.util.SecureAction.start(SecureAction.java:454) [org.eclipse.osgi_3.10.101.v20150820-1432.jar:na]
	at org.eclipse.osgi.internal.hooks.EclipseLazyStarter.postFindLocalClass(EclipseLazyStarter.java:107) [org.eclipse.osgi_3.10.101.v20150820-1432.jar:na]
	at org.eclipse.osgi.internal.loader.classpath.ClasspathManager.findLocalClass(ClasspathManager.java:531) [org.eclipse.osgi_3.10.101.v20150820-1432.jar:na]
	at org.eclipse.osgi.internal.loader.ModuleClassLoader.findLocalClass(ModuleClassLoader.java:324) [org.eclipse.osgi_3.10.101.v20150820-1432.jar:na]
	at org.eclipse.osgi.internal.loader.BundleLoader.findLocalClass(BundleLoader.java:327) [org.eclipse.osgi_3.10.101.v20150820-1432.jar:na]
	at org.eclipse.osgi.internal.loader.sources.SingleSourcePackage.loadClass(SingleSourcePackage.java:36) [org.eclipse.osgi_3.10.101.v20150820-1432.jar:na]
	at org.eclipse.osgi.internal.loader.BundleLoader.findClassInternal(BundleLoader.java:398) [org.eclipse.osgi_3.10.101.v20150820-1432.jar:na]
	at org.eclipse.osgi.internal.loader.BundleLoader.findClass(BundleLoader.java:352) [org.eclipse.osgi_3.10.101.v20150820-1432.jar:na]
	at org.eclipse.osgi.internal.loader.BundleLoader.findClass(BundleLoader.java:344) [org.eclipse.osgi_3.10.101.v20150820-1432.jar:na]
	at org.eclipse.osgi.internal.loader.ModuleClassLoader.loadClass(ModuleClassLoader.java:160) [org.eclipse.osgi_3.10.101.v20150820-1432.jar:na]
	at java.lang.ClassLoader.loadClass(Unknown Source) [na:1.7.0_79]
	at java.lang.Class.getDeclaredConstructors0(Native Method) [na:1.7.0_79]
	at java.lang.Class.privateGetDeclaredConstructors(Unknown Source) [na:1.7.0_79]
	at java.lang.Class.getConstructor0(Unknown Source) [na:1.7.0_79]
	at java.lang.Class.newInstance(Unknown Source) [na:1.7.0_79]
	at org.eclipse.osgi.internal.framework.BundleContextImpl.loadBundleActivator(BundleContextImpl.java:755) [org.eclipse.osgi_3.10.101.v20150820-1432.jar:na]
	at org.eclipse.osgi.internal.framework.BundleContextImpl.start(BundleContextImpl.java:706) [org.eclipse.osgi_3.10.101.v20150820-1432.jar:na]
	at org.eclipse.osgi.internal.framework.EquinoxBundle.startWorker0(EquinoxBundle.java:941) [org.eclipse.osgi_3.10.101.v20150820-1432.jar:na]
	at org.eclipse.osgi.internal.framework.EquinoxBundle$EquinoxModule.startWorker(EquinoxBundle.java:318) [org.eclipse.osgi_3.10.101.v20150820-1432.jar:na]
	at org.eclipse.osgi.container.Module.doStart(Module.java:571) [org.eclipse.osgi_3.10.101.v20150820-1432.jar:na]
	at org.eclipse.osgi.container.Module.start(Module.java:439) [org.eclipse.osgi_3.10.101.v20150820-1432.jar:na]
	at org.eclipse.osgi.framework.util.SecureAction.start(SecureAction.java:454) [org.eclipse.osgi_3.10.101.v20150820-1432.jar:na]
	at org.eclipse.osgi.internal.hooks.EclipseLazyStarter.postFindLocalClass(EclipseLazyStarter.java:107) [org.eclipse.osgi_3.10.101.v20150820-1432.jar:na]
	at org.eclipse.osgi.internal.loader.classpath.ClasspathManager.findLocalClass(ClasspathManager.java:531) [org.eclipse.osgi_3.10.101.v20150820-1432.jar:na]
	at org.eclipse.osgi.internal.loader.ModuleClassLoader.findLocalClass(ModuleClassLoader.java:324) [org.eclipse.osgi_3.10.101.v20150820-1432.jar:na]
	at org.eclipse.osgi.internal.loader.BundleLoader.findLocalClass(BundleLoader.java:327) [org.eclipse.osgi_3.10.101.v20150820-1432.jar:na]
	at org.eclipse.osgi.internal.loader.BundleLoader.findClassInternal(BundleLoader.java:402) [org.eclipse.osgi_3.10.101.v20150820-1432.jar:na]
	at org.eclipse.osgi.internal.loader.BundleLoader.findClass(BundleLoader.java:352) [org.eclipse.osgi_3.10.101.v20150820-1432.jar:na]
	at org.eclipse.osgi.internal.loader.BundleLoader.findClass(BundleLoader.java:344) [org.eclipse.osgi_3.10.101.v20150820-1432.jar:na]
	at org.eclipse.osgi.internal.loader.ModuleClassLoader.loadClass(ModuleClassLoader.java:160) [org.eclipse.osgi_3.10.101.v20150820-1432.jar:na]
	at java.lang.ClassLoader.loadClass(Unknown Source) [na:1.7.0_79]
	at org.eclipse.osgi.internal.framework.EquinoxBundle.loadClass(EquinoxBundle.java:573) [org.eclipse.osgi_3.10.101.v20150820-1432.jar:na]
	at org.eclipse.core.internal.registry.osgi.RegistryStrategyOSGI.createExecutableExtension(RegistryStrategyOSGI.java:174) [org.eclipse.equinox.registry_3.6.0.v20150318-1503.jar:na]
	at org.eclipse.core.internal.registry.ExtensionRegistry.createExecutableExtension(ExtensionRegistry.java:905) [org.eclipse.equinox.registry_3.6.0.v20150318-1503.jar:na]
	at org.eclipse.core.internal.registry.ConfigurationElement.createExecutableExtension(ConfigurationElement.java:243) [org.eclipse.equinox.registry_3.6.0.v20150318-1503.jar:na]
	at org.eclipse.core.internal.registry.ConfigurationElementHandle.createExecutableExtension(ConfigurationElementHandle.java:55) [org.eclipse.equinox.registry_3.6.0.v20150318-1503.jar:na]
	at org.eclipse.ui.internal.console.ConsolePageParticipantExtension.createDelegate(ConsolePageParticipantExtension.java:72) [org.eclipse.ui.console_3.6.100.v20150822-1912.jar:na]
	at org.eclipse.ui.internal.console.ConsoleManager.getPageParticipants(ConsoleManager.java:455) [org.eclipse.ui.console_3.6.100.v20150822-1912.jar:na]
	at org.eclipse.ui.internal.console.ConsoleView.doCreatePage(ConsoleView.java:317) [org.eclipse.ui.console_3.6.100.v20150822-1912.jar:na]
	at org.eclipse.ui.part.PageBookView.createPage(PageBookView.java:422) [org.eclipse.ui.workbench_3.107.0.v20150825-2206.jar:na]
	at org.eclipse.ui.part.PageBookView.partActivated(PageBookView.java:768) [org.eclipse.ui.workbench_3.107.0.v20150825-2206.jar:na]
	at org.eclipse.ui.internal.console.ConsoleView$4.run(ConsoleView.java:398) [org.eclipse.ui.console_3.6.100.v20150822-1912.jar:na]
	at org.eclipse.swt.widgets.RunnableLock.run(RunnableLock.java:35) [org.eclipse.swt.win32.win32.x86_64_3.104.1.v20150825-0743.jar:na]
	at org.eclipse.swt.widgets.Synchronizer.runAsyncMessages(Synchronizer.java:135) [org.eclipse.swt.win32.win32.x86_64_3.104.1.v20150825-0743.jar:na]
	at org.eclipse.swt.widgets.Display.runAsyncMessages(Display.java:4155) [org.eclipse.swt.win32.win32.x86_64_3.104.1.v20150825-0743.jar:na]
	at org.eclipse.swt.widgets.Display.readAndDispatch(Display.java:3772) [org.eclipse.swt.win32.win32.x86_64_3.104.1.v20150825-0743.jar:na]
	at org.eclipse.e4.ui.internal.workbench.swt.PartRenderingEngine$4.run(PartRenderingEngine.java:1127) [org.eclipse.e4.ui.workbench.swt_0.13.0.v20150504-0621.jar:na]
	at org.eclipse.core.databinding.observable.Realm.runWithDefault(Realm.java:337) [org.eclipse.core.databinding.observable_1.5.0.v20150422-0725.jar:na]
	at org.eclipse.e4.ui.internal.workbench.swt.PartRenderingEngine.run(PartRenderingEngine.java:1018) [org.eclipse.e4.ui.workbench.swt_0.13.0.v20150504-0621.jar:na]
	at org.eclipse.e4.ui.internal.workbench.E4Workbench.createAndRunUI(E4Workbench.java:156) [org.eclipse.e4.ui.workbench_1.3.0.v20150531-1948.jar:na]
	at org.eclipse.ui.internal.Workbench$5.run(Workbench.java:654) [org.eclipse.ui.workbench_3.107.0.v20150825-2206.jar:na]
	at org.eclipse.core.databinding.observable.Realm.runWithDefault(Realm.java:337) [org.eclipse.core.databinding.observable_1.5.0.v20150422-0725.jar:na]
	at org.eclipse.ui.internal.Workbench.createAndRunWorkbench(Workbench.java:598) [org.eclipse.ui.workbench_3.107.0.v20150825-2206.jar:na]
	at org.eclipse.ui.PlatformUI.createAndRunWorkbench(PlatformUI.java:150) [org.eclipse.ui.workbench_3.107.0.v20150825-2206.jar:na]
	at org.eclipse.ui.internal.ide.application.IDEApplication.start(IDEApplication.java:139) [org.eclipse.ui.ide.application_1.1.0.v20150422-0725.jar:na]
	at org.eclipse.equinox.internal.app.EclipseAppHandle.run(EclipseAppHandle.java:196) [org.eclipse.equinox.app_1.3.300.v20150423-1356.jar:na]
	at org.eclipse.core.runtime.internal.adaptor.EclipseAppLauncher.runApplication(EclipseAppLauncher.java:134) [org.eclipse.osgi_3.10.101.v20150820-1432.jar:na]
	at org.eclipse.core.runtime.internal.adaptor.EclipseAppLauncher.start(EclipseAppLauncher.java:104) [org.eclipse.osgi_3.10.101.v20150820-1432.jar:na]
	at org.eclipse.core.runtime.adaptor.EclipseStarter.run(EclipseStarter.java:380) [org.eclipse.osgi_3.10.101.v20150820-1432.jar:na]
	at org.eclipse.core.runtime.adaptor.EclipseStarter.run(EclipseStarter.java:235) [org.eclipse.osgi_3.10.101.v20150820-1432.jar:na]
	at sun.reflect.NativeMethodAccessorImpl.invoke0(Native Method) ~[na:1.7.0_79]
	at sun.reflect.NativeMethodAccessorImpl.invoke(Unknown Source) ~[na:1.7.0_79]
	at sun.reflect.DelegatingMethodAccessorImpl.invoke(Unknown Source) ~[na:1.7.0_79]
	at java.lang.reflect.Method.invoke(Unknown Source) ~[na:1.7.0_79]
	at org.eclipse.equinox.launcher.Main.invokeFramework(Main.java:669) [org.eclipse.equinox.launcher_1.3.100.v20150511-1540.jar:na]
	at org.eclipse.equinox.launcher.Main.basicRun(Main.java:608) [org.eclipse.equinox.launcher_1.3.100.v20150511-1540.jar:na]
	at org.eclipse.equinox.launcher.Main.run(Main.java:1515) [org.eclipse.equinox.launcher_1.3.100.v20150511-1540.jar:na]
	at org.eclipse.equinox.launcher.Main.main(Main.java:1488) [org.eclipse.equinox.launcher_1.3.100.v20150511-1540.jar:na]
Caused by: java.io.EOFException: SSL peer shut down incorrectly
	at sun.security.ssl.InputRecord.read(Unknown Source) ~[na:1.7.0_79]
	... 92 common frames omitted
2016-03-06 21:52:36,251 [Start Help Server] INFO  org.eclipse.jetty.util.log - Logging initialized @49910878ms
2016-03-06 21:52:36,522 [Start Help Server] INFO  org.eclipse.jetty.server.Server - jetty-9.2.13.v20150730
2016-03-06 21:52:36,572 [Start Help Server] INFO  o.e.j.server.handler.ContextHandler - Started o.e.j.s.ServletContextHandler@5d26965d{/help,null,AVAILABLE}
2016-03-06 21:52:36,591 [Start Help Server] INFO  o.e.jetty.server.ServerConnector - Started ServerConnector@59c5ebc2{HTTP/1.1}{127.0.0.1:51252}
2016-03-06 21:52:36,592 [Start Help Server] INFO  org.eclipse.jetty.server.Server - Started @49911219ms
2016-03-06 22:36:35,571 [main] INFO  c.g.t.t.d.PublishedGradleVersions - Gradle version information cache file is out-of-date. Remote download required.
2016-03-07 06:36:32,023 [main] INFO  c.g.t.t.d.PublishedGradleVersions - Gradle version information cache file is not out-of-date. No remote download required.
2016-03-07 17:41:53,535 [main] INFO  c.g.t.t.d.PublishedGradleVersions - Gradle version information cache file is not out-of-date. No remote download required.
2016-03-08 15:43:33,687 [main] INFO  c.g.t.t.d.PublishedGradleVersions - Gradle version information cache file is out-of-date. Remote download required.
2016-03-10 18:32:52,990 [main] INFO  c.g.t.t.d.PublishedGradleVersions - Gradle version information cache file is out-of-date. Remote download required.
2016-03-11 14:17:30,860 [main] INFO  c.g.t.t.d.PublishedGradleVersions - Gradle version information cache file is not out-of-date. No remote download required.
2016-03-12 17:32:01,315 [main] INFO  c.g.t.t.d.PublishedGradleVersions - Gradle version information cache file is out-of-date. Remote download required.
2016-03-12 18:13:44,868 [main] INFO  c.g.t.t.d.PublishedGradleVersions - Gradle version information cache file is not out-of-date. No remote download required.
2016-03-13 21:33:38,134 [main] INFO  c.g.t.t.d.PublishedGradleVersions - Gradle version information cache file is out-of-date. Remote download required.
2016-03-13 21:33:38,450 [main] ERROR c.g.t.t.d.PublishedGradleVersions - Cannot download published Gradle versions.
java.net.UnknownHostException: services.gradle.org
	at java.net.AbstractPlainSocketImpl.connect(Unknown Source) ~[na:1.7.0_79]
	at java.net.PlainSocketImpl.connect(Unknown Source) ~[na:1.7.0_79]
	at java.net.SocksSocketImpl.connect(Unknown Source) ~[na:1.7.0_79]
	at java.net.Socket.connect(Unknown Source) ~[na:1.7.0_79]
	at sun.security.ssl.SSLSocketImpl.connect(Unknown Source) ~[na:1.7.0_79]
	at sun.security.ssl.BaseSSLSocketImpl.connect(Unknown Source) ~[na:1.7.0_79]
	at sun.net.NetworkClient.doConnect(Unknown Source) ~[na:1.7.0_79]
	at sun.net.www.http.HttpClient.openServer(Unknown Source) ~[na:1.7.0_79]
	at sun.net.www.http.HttpClient.openServer(Unknown Source) ~[na:1.7.0_79]
	at sun.net.www.protocol.https.HttpsClient.<init>(Unknown Source) ~[na:1.7.0_79]
	at sun.net.www.protocol.https.HttpsClient.New(Unknown Source) ~[na:1.7.0_79]
	at sun.net.www.protocol.https.AbstractDelegateHttpsURLConnection.getNewHttpClient(Unknown Source) ~[na:1.7.0_79]
	at sun.net.www.protocol.http.HttpURLConnection.plainConnect(Unknown Source) ~[na:1.7.0_79]
	at sun.net.www.protocol.https.AbstractDelegateHttpsURLConnection.connect(Unknown Source) ~[na:1.7.0_79]
	at sun.net.www.protocol.http.HttpURLConnection.getInputStream(Unknown Source) ~[na:1.7.0_79]
	at sun.net.www.protocol.https.HttpsURLConnectionImpl.getInputStream(Unknown Source) ~[na:1.7.0_79]
	at com.gradleware.tooling.toolingutils.distribution.PublishedGradleVersions.downloadVersionInformation(PublishedGradleVersions.java:167) [com.gradleware.tooling.utils_0.6.1.v201509101146.jar:na]
	at com.gradleware.tooling.toolingutils.distribution.PublishedGradleVersions.create(PublishedGradleVersions.java:134) [com.gradleware.tooling.utils_0.6.1.v201509101146.jar:na]
	at org.eclipse.buildship.core.util.gradle.PublishedGradleVersionsWrapper.create(PublishedGradleVersionsWrapper.java:40) [org.eclipse.buildship.core_1.0.5.v20150922-2202.jar:na]
	at org.eclipse.buildship.core.util.gradle.PublishedGradleVersionsWrapper.<init>(PublishedGradleVersionsWrapper.java:35) [org.eclipse.buildship.core_1.0.5.v20150922-2202.jar:na]
	at org.eclipse.buildship.core.CorePlugin.createPublishedGradleVersions(CorePlugin.java:166) [org.eclipse.buildship.core_1.0.5.v20150922-2202.jar:na]
	at org.eclipse.buildship.core.CorePlugin.registerServices(CorePlugin.java:139) [org.eclipse.buildship.core_1.0.5.v20150922-2202.jar:na]
	at org.eclipse.buildship.core.CorePlugin.start(CorePlugin.java:102) [org.eclipse.buildship.core_1.0.5.v20150922-2202.jar:na]
	at org.eclipse.osgi.internal.framework.BundleContextImpl$3.run(BundleContextImpl.java:771) [org.eclipse.osgi_3.10.101.v20150820-1432.jar:na]
	at org.eclipse.osgi.internal.framework.BundleContextImpl$3.run(BundleContextImpl.java:1) [org.eclipse.osgi_3.10.101.v20150820-1432.jar:na]
	at java.security.AccessController.doPrivileged(Native Method) [na:1.7.0_79]
	at org.eclipse.osgi.internal.framework.BundleContextImpl.startActivator(BundleContextImpl.java:764) [org.eclipse.osgi_3.10.101.v20150820-1432.jar:na]
	at org.eclipse.osgi.internal.framework.BundleContextImpl.start(BundleContextImpl.java:721) [org.eclipse.osgi_3.10.101.v20150820-1432.jar:na]
	at org.eclipse.osgi.internal.framework.EquinoxBundle.startWorker0(EquinoxBundle.java:941) [org.eclipse.osgi_3.10.101.v20150820-1432.jar:na]
	at org.eclipse.osgi.internal.framework.EquinoxBundle$EquinoxModule.startWorker(EquinoxBundle.java:318) [org.eclipse.osgi_3.10.101.v20150820-1432.jar:na]
	at org.eclipse.osgi.container.Module.doStart(Module.java:571) [org.eclipse.osgi_3.10.101.v20150820-1432.jar:na]
	at org.eclipse.osgi.container.Module.start(Module.java:439) [org.eclipse.osgi_3.10.101.v20150820-1432.jar:na]
	at org.eclipse.osgi.framework.util.SecureAction.start(SecureAction.java:454) [org.eclipse.osgi_3.10.101.v20150820-1432.jar:na]
	at org.eclipse.osgi.internal.hooks.EclipseLazyStarter.postFindLocalClass(EclipseLazyStarter.java:107) [org.eclipse.osgi_3.10.101.v20150820-1432.jar:na]
	at org.eclipse.osgi.internal.loader.classpath.ClasspathManager.findLocalClass(ClasspathManager.java:531) [org.eclipse.osgi_3.10.101.v20150820-1432.jar:na]
	at org.eclipse.osgi.internal.loader.ModuleClassLoader.findLocalClass(ModuleClassLoader.java:324) [org.eclipse.osgi_3.10.101.v20150820-1432.jar:na]
	at org.eclipse.osgi.internal.loader.BundleLoader.findLocalClass(BundleLoader.java:327) [org.eclipse.osgi_3.10.101.v20150820-1432.jar:na]
	at org.eclipse.osgi.internal.loader.sources.SingleSourcePackage.loadClass(SingleSourcePackage.java:36) [org.eclipse.osgi_3.10.101.v20150820-1432.jar:na]
	at org.eclipse.osgi.internal.loader.BundleLoader.findClassInternal(BundleLoader.java:398) [org.eclipse.osgi_3.10.101.v20150820-1432.jar:na]
	at org.eclipse.osgi.internal.loader.BundleLoader.findClass(BundleLoader.java:352) [org.eclipse.osgi_3.10.101.v20150820-1432.jar:na]
	at org.eclipse.osgi.internal.loader.BundleLoader.findClass(BundleLoader.java:344) [org.eclipse.osgi_3.10.101.v20150820-1432.jar:na]
	at org.eclipse.osgi.internal.loader.ModuleClassLoader.loadClass(ModuleClassLoader.java:160) [org.eclipse.osgi_3.10.101.v20150820-1432.jar:na]
	at java.lang.ClassLoader.loadClass(Unknown Source) [na:1.7.0_79]
	at java.lang.Class.getDeclaredConstructors0(Native Method) [na:1.7.0_79]
	at java.lang.Class.privateGetDeclaredConstructors(Unknown Source) [na:1.7.0_79]
	at java.lang.Class.getConstructor0(Unknown Source) [na:1.7.0_79]
	at java.lang.Class.newInstance(Unknown Source) [na:1.7.0_79]
	at org.eclipse.osgi.internal.framework.BundleContextImpl.loadBundleActivator(BundleContextImpl.java:755) [org.eclipse.osgi_3.10.101.v20150820-1432.jar:na]
	at org.eclipse.osgi.internal.framework.BundleContextImpl.start(BundleContextImpl.java:706) [org.eclipse.osgi_3.10.101.v20150820-1432.jar:na]
	at org.eclipse.osgi.internal.framework.EquinoxBundle.startWorker0(EquinoxBundle.java:941) [org.eclipse.osgi_3.10.101.v20150820-1432.jar:na]
	at org.eclipse.osgi.internal.framework.EquinoxBundle$EquinoxModule.startWorker(EquinoxBundle.java:318) [org.eclipse.osgi_3.10.101.v20150820-1432.jar:na]
	at org.eclipse.osgi.container.Module.doStart(Module.java:571) [org.eclipse.osgi_3.10.101.v20150820-1432.jar:na]
	at org.eclipse.osgi.container.Module.start(Module.java:439) [org.eclipse.osgi_3.10.101.v20150820-1432.jar:na]
	at org.eclipse.osgi.framework.util.SecureAction.start(SecureAction.java:454) [org.eclipse.osgi_3.10.101.v20150820-1432.jar:na]
	at org.eclipse.osgi.internal.hooks.EclipseLazyStarter.postFindLocalClass(EclipseLazyStarter.java:107) [org.eclipse.osgi_3.10.101.v20150820-1432.jar:na]
	at org.eclipse.osgi.internal.loader.classpath.ClasspathManager.findLocalClass(ClasspathManager.java:531) [org.eclipse.osgi_3.10.101.v20150820-1432.jar:na]
	at org.eclipse.osgi.internal.loader.ModuleClassLoader.findLocalClass(ModuleClassLoader.java:324) [org.eclipse.osgi_3.10.101.v20150820-1432.jar:na]
	at org.eclipse.osgi.internal.loader.BundleLoader.findLocalClass(BundleLoader.java:327) [org.eclipse.osgi_3.10.101.v20150820-1432.jar:na]
	at org.eclipse.osgi.internal.loader.BundleLoader.findClassInternal(BundleLoader.java:402) [org.eclipse.osgi_3.10.101.v20150820-1432.jar:na]
	at org.eclipse.osgi.internal.loader.BundleLoader.findClass(BundleLoader.java:352) [org.eclipse.osgi_3.10.101.v20150820-1432.jar:na]
	at org.eclipse.osgi.internal.loader.BundleLoader.findClass(BundleLoader.java:344) [org.eclipse.osgi_3.10.101.v20150820-1432.jar:na]
	at org.eclipse.osgi.internal.loader.ModuleClassLoader.loadClass(ModuleClassLoader.java:160) [org.eclipse.osgi_3.10.101.v20150820-1432.jar:na]
	at java.lang.ClassLoader.loadClass(Unknown Source) [na:1.7.0_79]
	at org.eclipse.osgi.internal.framework.EquinoxBundle.loadClass(EquinoxBundle.java:573) [org.eclipse.osgi_3.10.101.v20150820-1432.jar:na]
	at org.eclipse.core.internal.registry.osgi.RegistryStrategyOSGI.createExecutableExtension(RegistryStrategyOSGI.java:174) [org.eclipse.equinox.registry_3.6.0.v20150318-1503.jar:na]
	at org.eclipse.core.internal.registry.ExtensionRegistry.createExecutableExtension(ExtensionRegistry.java:905) [org.eclipse.equinox.registry_3.6.0.v20150318-1503.jar:na]
	at org.eclipse.core.internal.registry.ConfigurationElement.createExecutableExtension(ConfigurationElement.java:243) [org.eclipse.equinox.registry_3.6.0.v20150318-1503.jar:na]
	at org.eclipse.core.internal.registry.ConfigurationElementHandle.createExecutableExtension(ConfigurationElementHandle.java:55) [org.eclipse.equinox.registry_3.6.0.v20150318-1503.jar:na]
	at org.eclipse.ui.internal.console.ConsolePageParticipantExtension.createDelegate(ConsolePageParticipantExtension.java:72) [org.eclipse.ui.console_3.6.100.v20150822-1912.jar:na]
	at org.eclipse.ui.internal.console.ConsoleManager.getPageParticipants(ConsoleManager.java:455) [org.eclipse.ui.console_3.6.100.v20150822-1912.jar:na]
	at org.eclipse.ui.internal.console.ConsoleView.doCreatePage(ConsoleView.java:317) [org.eclipse.ui.console_3.6.100.v20150822-1912.jar:na]
	at org.eclipse.ui.part.PageBookView.createPage(PageBookView.java:422) [org.eclipse.ui.workbench_3.107.0.v20150825-2206.jar:na]
	at org.eclipse.ui.part.PageBookView.partActivated(PageBookView.java:768) [org.eclipse.ui.workbench_3.107.0.v20150825-2206.jar:na]
	at org.eclipse.ui.internal.console.ConsoleView$4.run(ConsoleView.java:398) [org.eclipse.ui.console_3.6.100.v20150822-1912.jar:na]
	at org.eclipse.swt.widgets.RunnableLock.run(RunnableLock.java:35) [org.eclipse.swt.win32.win32.x86_64_3.104.1.v20150825-0743.jar:na]
	at org.eclipse.swt.widgets.Synchronizer.runAsyncMessages(Synchronizer.java:135) [org.eclipse.swt.win32.win32.x86_64_3.104.1.v20150825-0743.jar:na]
	at org.eclipse.swt.widgets.Display.runAsyncMessages(Display.java:4155) [org.eclipse.swt.win32.win32.x86_64_3.104.1.v20150825-0743.jar:na]
	at org.eclipse.swt.widgets.Display.readAndDispatch(Display.java:3772) [org.eclipse.swt.win32.win32.x86_64_3.104.1.v20150825-0743.jar:na]
	at org.eclipse.e4.ui.internal.workbench.swt.PartRenderingEngine$4.run(PartRenderingEngine.java:1127) [org.eclipse.e4.ui.workbench.swt_0.13.0.v20150504-0621.jar:na]
	at org.eclipse.core.databinding.observable.Realm.runWithDefault(Realm.java:337) [org.eclipse.core.databinding.observable_1.5.0.v20150422-0725.jar:na]
	at org.eclipse.e4.ui.internal.workbench.swt.PartRenderingEngine.run(PartRenderingEngine.java:1018) [org.eclipse.e4.ui.workbench.swt_0.13.0.v20150504-0621.jar:na]
	at org.eclipse.e4.ui.internal.workbench.E4Workbench.createAndRunUI(E4Workbench.java:156) [org.eclipse.e4.ui.workbench_1.3.0.v20150531-1948.jar:na]
	at org.eclipse.ui.internal.Workbench$5.run(Workbench.java:654) [org.eclipse.ui.workbench_3.107.0.v20150825-2206.jar:na]
	at org.eclipse.core.databinding.observable.Realm.runWithDefault(Realm.java:337) [org.eclipse.core.databinding.observable_1.5.0.v20150422-0725.jar:na]
	at org.eclipse.ui.internal.Workbench.createAndRunWorkbench(Workbench.java:598) [org.eclipse.ui.workbench_3.107.0.v20150825-2206.jar:na]
	at org.eclipse.ui.PlatformUI.createAndRunWorkbench(PlatformUI.java:150) [org.eclipse.ui.workbench_3.107.0.v20150825-2206.jar:na]
	at org.eclipse.ui.internal.ide.application.IDEApplication.start(IDEApplication.java:139) [org.eclipse.ui.ide.application_1.1.0.v20150422-0725.jar:na]
	at org.eclipse.equinox.internal.app.EclipseAppHandle.run(EclipseAppHandle.java:196) [org.eclipse.equinox.app_1.3.300.v20150423-1356.jar:na]
	at org.eclipse.core.runtime.internal.adaptor.EclipseAppLauncher.runApplication(EclipseAppLauncher.java:134) [org.eclipse.osgi_3.10.101.v20150820-1432.jar:na]
	at org.eclipse.core.runtime.internal.adaptor.EclipseAppLauncher.start(EclipseAppLauncher.java:104) [org.eclipse.osgi_3.10.101.v20150820-1432.jar:na]
	at org.eclipse.core.runtime.adaptor.EclipseStarter.run(EclipseStarter.java:380) [org.eclipse.osgi_3.10.101.v20150820-1432.jar:na]
	at org.eclipse.core.runtime.adaptor.EclipseStarter.run(EclipseStarter.java:235) [org.eclipse.osgi_3.10.101.v20150820-1432.jar:na]
	at sun.reflect.NativeMethodAccessorImpl.invoke0(Native Method) ~[na:1.7.0_79]
	at sun.reflect.NativeMethodAccessorImpl.invoke(Unknown Source) ~[na:1.7.0_79]
	at sun.reflect.DelegatingMethodAccessorImpl.invoke(Unknown Source) ~[na:1.7.0_79]
	at java.lang.reflect.Method.invoke(Unknown Source) ~[na:1.7.0_79]
	at org.eclipse.equinox.launcher.Main.invokeFramework(Main.java:669) [org.eclipse.equinox.launcher_1.3.100.v20150511-1540.jar:na]
	at org.eclipse.equinox.launcher.Main.basicRun(Main.java:608) [org.eclipse.equinox.launcher_1.3.100.v20150511-1540.jar:na]
	at org.eclipse.equinox.launcher.Main.run(Main.java:1515) [org.eclipse.equinox.launcher_1.3.100.v20150511-1540.jar:na]
	at org.eclipse.equinox.launcher.Main.main(Main.java:1488) [org.eclipse.equinox.launcher_1.3.100.v20150511-1540.jar:na]
2016-03-16 07:15:29,547 [main] INFO  c.g.t.t.d.PublishedGradleVersions - Gradle version information cache file is out-of-date. Remote download required.
2016-03-16 18:00:43,848 [main] INFO  c.g.t.t.d.PublishedGradleVersions - Gradle version information cache file is not out-of-date. No remote download required.
2016-03-17 06:31:42,578 [main] INFO  c.g.t.t.d.PublishedGradleVersions - Gradle version information cache file is not out-of-date. No remote download required.
2016-03-17 16:00:02,767 [main] INFO  c.g.t.t.d.PublishedGradleVersions - Gradle version information cache file is out-of-date. Remote download required.
2016-03-18 16:24:25,056 [main] INFO  c.g.t.t.d.PublishedGradleVersions - Gradle version information cache file is out-of-date. Remote download required.
2016-03-19 10:58:41,482 [main] INFO  c.g.t.t.d.PublishedGradleVersions - Gradle version information cache file is not out-of-date. No remote download required.
2016-03-20 09:07:52,863 [main] INFO  c.g.t.t.d.PublishedGradleVersions - Gradle version information cache file is out-of-date. Remote download required.
2016-03-21 13:58:57,977 [main] INFO  c.g.t.t.d.PublishedGradleVersions - Gradle version information cache file is out-of-date. Remote download required.
2016-03-22 14:25:30,758 [main] INFO  c.g.t.t.d.PublishedGradleVersions - Gradle version information cache file is out-of-date. Remote download required.
2016-03-23 07:02:56,355 [main] INFO  c.g.t.t.d.PublishedGradleVersions - Gradle version information cache file is not out-of-date. No remote download required.
2016-03-24 07:05:04,376 [main] INFO  c.g.t.t.d.PublishedGradleVersions - Gradle version information cache file is out-of-date. Remote download required.
2016-03-25 11:07:59,260 [main] INFO  c.g.t.t.d.PublishedGradleVersions - Gradle version information cache file is out-of-date. Remote download required.
2016-03-26 10:37:42,488 [main] INFO  c.g.t.t.d.PublishedGradleVersions - Gradle version information cache file is not out-of-date. No remote download required.
2016-03-27 07:21:52,340 [main] INFO  c.g.t.t.d.PublishedGradleVersions - Gradle version information cache file is out-of-date. Remote download required.
2016-03-27 16:57:16,485 [main] INFO  c.g.t.t.d.PublishedGradleVersions - Gradle version information cache file is not out-of-date. No remote download required.
2016-03-28 18:31:32,082 [main] INFO  c.g.t.t.d.PublishedGradleVersions - Gradle version information cache file is out-of-date. Remote download required.
2016-03-29 18:22:04,413 [main] INFO  c.g.t.t.d.PublishedGradleVersions - Gradle version information cache file is not out-of-date. No remote download required.
2016-03-30 14:27:23,826 [main] INFO  c.g.t.t.d.PublishedGradleVersions - Gradle version information cache file is out-of-date. Remote download required.
2016-04-01 14:25:15,643 [main] INFO  c.g.t.t.d.PublishedGradleVersions - Gradle version information cache file is out-of-date. Remote download required.
2016-04-02 08:55:38,251 [main] INFO  c.g.t.t.d.PublishedGradleVersions - Gradle version information cache file is not out-of-date. No remote download required.
2016-04-03 09:04:08,069 [main] INFO  c.g.t.t.d.PublishedGradleVersions - Gradle version information cache file is out-of-date. Remote download required.
2016-04-03 20:20:44,319 [main] INFO  c.g.t.t.d.PublishedGradleVersions - Gradle version information cache file is not out-of-date. No remote download required.
2016-04-24 21:51:32,654 [main] INFO  c.g.t.t.d.PublishedGradleVersions - Gradle version information cache file is out-of-date. Remote download required.
2016-04-25 07:44:47,465 [main] INFO  c.g.t.t.d.PublishedGradleVersions - Gradle version information cache file is not out-of-date. No remote download required.
2016-05-06 13:20:12,994 [main] INFO  c.g.t.t.d.PublishedGradleVersions - Gradle version information cache file is out-of-date. Remote download required.
2016-05-06 13:20:13,367 [main] ERROR c.g.t.t.d.PublishedGradleVersions - Cannot download published Gradle versions.
java.net.UnknownHostException: services.gradle.org
	at java.net.AbstractPlainSocketImpl.connect(Unknown Source) ~[na:1.7.0_79]
	at java.net.PlainSocketImpl.connect(Unknown Source) ~[na:1.7.0_79]
	at java.net.SocksSocketImpl.connect(Unknown Source) ~[na:1.7.0_79]
	at java.net.Socket.connect(Unknown Source) ~[na:1.7.0_79]
	at sun.security.ssl.SSLSocketImpl.connect(Unknown Source) ~[na:1.7.0_79]
	at sun.security.ssl.BaseSSLSocketImpl.connect(Unknown Source) ~[na:1.7.0_79]
	at sun.net.NetworkClient.doConnect(Unknown Source) ~[na:1.7.0_79]
	at sun.net.www.http.HttpClient.openServer(Unknown Source) ~[na:1.7.0_79]
	at sun.net.www.http.HttpClient.openServer(Unknown Source) ~[na:1.7.0_79]
	at sun.net.www.protocol.https.HttpsClient.<init>(Unknown Source) ~[na:1.7.0_79]
	at sun.net.www.protocol.https.HttpsClient.New(Unknown Source) ~[na:1.7.0_79]
	at sun.net.www.protocol.https.AbstractDelegateHttpsURLConnection.getNewHttpClient(Unknown Source) ~[na:1.7.0_79]
	at sun.net.www.protocol.http.HttpURLConnection.plainConnect(Unknown Source) ~[na:1.7.0_79]
	at sun.net.www.protocol.https.AbstractDelegateHttpsURLConnection.connect(Unknown Source) ~[na:1.7.0_79]
	at sun.net.www.protocol.http.HttpURLConnection.getInputStream(Unknown Source) ~[na:1.7.0_79]
	at sun.net.www.protocol.https.HttpsURLConnectionImpl.getInputStream(Unknown Source) ~[na:1.7.0_79]
	at com.gradleware.tooling.toolingutils.distribution.PublishedGradleVersions.downloadVersionInformation(PublishedGradleVersions.java:167) [com.gradleware.tooling.utils_0.6.1.v201509101146.jar:na]
	at com.gradleware.tooling.toolingutils.distribution.PublishedGradleVersions.create(PublishedGradleVersions.java:134) [com.gradleware.tooling.utils_0.6.1.v201509101146.jar:na]
	at org.eclipse.buildship.core.util.gradle.PublishedGradleVersionsWrapper.create(PublishedGradleVersionsWrapper.java:40) [org.eclipse.buildship.core_1.0.5.v20150922-2202.jar:na]
	at org.eclipse.buildship.core.util.gradle.PublishedGradleVersionsWrapper.<init>(PublishedGradleVersionsWrapper.java:35) [org.eclipse.buildship.core_1.0.5.v20150922-2202.jar:na]
	at org.eclipse.buildship.core.CorePlugin.createPublishedGradleVersions(CorePlugin.java:166) [org.eclipse.buildship.core_1.0.5.v20150922-2202.jar:na]
	at org.eclipse.buildship.core.CorePlugin.registerServices(CorePlugin.java:139) [org.eclipse.buildship.core_1.0.5.v20150922-2202.jar:na]
	at org.eclipse.buildship.core.CorePlugin.start(CorePlugin.java:102) [org.eclipse.buildship.core_1.0.5.v20150922-2202.jar:na]
	at org.eclipse.osgi.internal.framework.BundleContextImpl$3.run(BundleContextImpl.java:771) [org.eclipse.osgi_3.10.101.v20150820-1432.jar:na]
	at org.eclipse.osgi.internal.framework.BundleContextImpl$3.run(BundleContextImpl.java:1) [org.eclipse.osgi_3.10.101.v20150820-1432.jar:na]
	at java.security.AccessController.doPrivileged(Native Method) [na:1.7.0_79]
	at org.eclipse.osgi.internal.framework.BundleContextImpl.startActivator(BundleContextImpl.java:764) [org.eclipse.osgi_3.10.101.v20150820-1432.jar:na]
	at org.eclipse.osgi.internal.framework.BundleContextImpl.start(BundleContextImpl.java:721) [org.eclipse.osgi_3.10.101.v20150820-1432.jar:na]
	at org.eclipse.osgi.internal.framework.EquinoxBundle.startWorker0(EquinoxBundle.java:941) [org.eclipse.osgi_3.10.101.v20150820-1432.jar:na]
	at org.eclipse.osgi.internal.framework.EquinoxBundle$EquinoxModule.startWorker(EquinoxBundle.java:318) [org.eclipse.osgi_3.10.101.v20150820-1432.jar:na]
	at org.eclipse.osgi.container.Module.doStart(Module.java:571) [org.eclipse.osgi_3.10.101.v20150820-1432.jar:na]
	at org.eclipse.osgi.container.Module.start(Module.java:439) [org.eclipse.osgi_3.10.101.v20150820-1432.jar:na]
	at org.eclipse.osgi.framework.util.SecureAction.start(SecureAction.java:454) [org.eclipse.osgi_3.10.101.v20150820-1432.jar:na]
	at org.eclipse.osgi.internal.hooks.EclipseLazyStarter.postFindLocalClass(EclipseLazyStarter.java:107) [org.eclipse.osgi_3.10.101.v20150820-1432.jar:na]
	at org.eclipse.osgi.internal.loader.classpath.ClasspathManager.findLocalClass(ClasspathManager.java:531) [org.eclipse.osgi_3.10.101.v20150820-1432.jar:na]
	at org.eclipse.osgi.internal.loader.ModuleClassLoader.findLocalClass(ModuleClassLoader.java:324) [org.eclipse.osgi_3.10.101.v20150820-1432.jar:na]
	at org.eclipse.osgi.internal.loader.BundleLoader.findLocalClass(BundleLoader.java:327) [org.eclipse.osgi_3.10.101.v20150820-1432.jar:na]
	at org.eclipse.osgi.internal.loader.sources.SingleSourcePackage.loadClass(SingleSourcePackage.java:36) [org.eclipse.osgi_3.10.101.v20150820-1432.jar:na]
	at org.eclipse.osgi.internal.loader.BundleLoader.findClassInternal(BundleLoader.java:398) [org.eclipse.osgi_3.10.101.v20150820-1432.jar:na]
	at org.eclipse.osgi.internal.loader.BundleLoader.findClass(BundleLoader.java:352) [org.eclipse.osgi_3.10.101.v20150820-1432.jar:na]
	at org.eclipse.osgi.internal.loader.BundleLoader.findClass(BundleLoader.java:344) [org.eclipse.osgi_3.10.101.v20150820-1432.jar:na]
	at org.eclipse.osgi.internal.loader.ModuleClassLoader.loadClass(ModuleClassLoader.java:160) [org.eclipse.osgi_3.10.101.v20150820-1432.jar:na]
	at java.lang.ClassLoader.loadClass(Unknown Source) [na:1.7.0_79]
	at java.lang.Class.getDeclaredConstructors0(Native Method) [na:1.7.0_79]
	at java.lang.Class.privateGetDeclaredConstructors(Unknown Source) [na:1.7.0_79]
	at java.lang.Class.getConstructor0(Unknown Source) [na:1.7.0_79]
	at java.lang.Class.newInstance(Unknown Source) [na:1.7.0_79]
	at org.eclipse.osgi.internal.framework.BundleContextImpl.loadBundleActivator(BundleContextImpl.java:755) [org.eclipse.osgi_3.10.101.v20150820-1432.jar:na]
	at org.eclipse.osgi.internal.framework.BundleContextImpl.start(BundleContextImpl.java:706) [org.eclipse.osgi_3.10.101.v20150820-1432.jar:na]
	at org.eclipse.osgi.internal.framework.EquinoxBundle.startWorker0(EquinoxBundle.java:941) [org.eclipse.osgi_3.10.101.v20150820-1432.jar:na]
	at org.eclipse.osgi.internal.framework.EquinoxBundle$EquinoxModule.startWorker(EquinoxBundle.java:318) [org.eclipse.osgi_3.10.101.v20150820-1432.jar:na]
	at org.eclipse.osgi.container.Module.doStart(Module.java:571) [org.eclipse.osgi_3.10.101.v20150820-1432.jar:na]
	at org.eclipse.osgi.container.Module.start(Module.java:439) [org.eclipse.osgi_3.10.101.v20150820-1432.jar:na]
	at org.eclipse.osgi.framework.util.SecureAction.start(SecureAction.java:454) [org.eclipse.osgi_3.10.101.v20150820-1432.jar:na]
	at org.eclipse.osgi.internal.hooks.EclipseLazyStarter.postFindLocalClass(EclipseLazyStarter.java:107) [org.eclipse.osgi_3.10.101.v20150820-1432.jar:na]
	at org.eclipse.osgi.internal.loader.classpath.ClasspathManager.findLocalClass(ClasspathManager.java:531) [org.eclipse.osgi_3.10.101.v20150820-1432.jar:na]
	at org.eclipse.osgi.internal.loader.ModuleClassLoader.findLocalClass(ModuleClassLoader.java:324) [org.eclipse.osgi_3.10.101.v20150820-1432.jar:na]
	at org.eclipse.osgi.internal.loader.BundleLoader.findLocalClass(BundleLoader.java:327) [org.eclipse.osgi_3.10.101.v20150820-1432.jar:na]
	at org.eclipse.osgi.internal.loader.BundleLoader.findClassInternal(BundleLoader.java:402) [org.eclipse.osgi_3.10.101.v20150820-1432.jar:na]
	at org.eclipse.osgi.internal.loader.BundleLoader.findClass(BundleLoader.java:352) [org.eclipse.osgi_3.10.101.v20150820-1432.jar:na]
	at org.eclipse.osgi.internal.loader.BundleLoader.findClass(BundleLoader.java:344) [org.eclipse.osgi_3.10.101.v20150820-1432.jar:na]
	at org.eclipse.osgi.internal.loader.ModuleClassLoader.loadClass(ModuleClassLoader.java:160) [org.eclipse.osgi_3.10.101.v20150820-1432.jar:na]
	at java.lang.ClassLoader.loadClass(Unknown Source) [na:1.7.0_79]
	at org.eclipse.osgi.internal.framework.EquinoxBundle.loadClass(EquinoxBundle.java:573) [org.eclipse.osgi_3.10.101.v20150820-1432.jar:na]
	at org.eclipse.core.internal.registry.osgi.RegistryStrategyOSGI.createExecutableExtension(RegistryStrategyOSGI.java:174) [org.eclipse.equinox.registry_3.6.0.v20150318-1503.jar:na]
	at org.eclipse.core.internal.registry.ExtensionRegistry.createExecutableExtension(ExtensionRegistry.java:905) [org.eclipse.equinox.registry_3.6.0.v20150318-1503.jar:na]
	at org.eclipse.core.internal.registry.ConfigurationElement.createExecutableExtension(ConfigurationElement.java:243) [org.eclipse.equinox.registry_3.6.0.v20150318-1503.jar:na]
	at org.eclipse.core.internal.registry.ConfigurationElementHandle.createExecutableExtension(ConfigurationElementHandle.java:55) [org.eclipse.equinox.registry_3.6.0.v20150318-1503.jar:na]
	at org.eclipse.ui.internal.console.ConsolePageParticipantExtension.createDelegate(ConsolePageParticipantExtension.java:72) [org.eclipse.ui.console_3.6.100.v20150822-1912.jar:na]
	at org.eclipse.ui.internal.console.ConsoleManager.getPageParticipants(ConsoleManager.java:455) [org.eclipse.ui.console_3.6.100.v20150822-1912.jar:na]
	at org.eclipse.ui.internal.console.ConsoleView.doCreatePage(ConsoleView.java:317) [org.eclipse.ui.console_3.6.100.v20150822-1912.jar:na]
	at org.eclipse.ui.part.PageBookView.createPage(PageBookView.java:422) [org.eclipse.ui.workbench_3.107.0.v20150825-2206.jar:na]
	at org.eclipse.ui.part.PageBookView.partActivated(PageBookView.java:768) [org.eclipse.ui.workbench_3.107.0.v20150825-2206.jar:na]
	at org.eclipse.ui.internal.console.ConsoleView$4.run(ConsoleView.java:398) [org.eclipse.ui.console_3.6.100.v20150822-1912.jar:na]
	at org.eclipse.swt.widgets.RunnableLock.run(RunnableLock.java:35) [org.eclipse.swt.win32.win32.x86_64_3.104.1.v20150825-0743.jar:na]
	at org.eclipse.swt.widgets.Synchronizer.runAsyncMessages(Synchronizer.java:135) [org.eclipse.swt.win32.win32.x86_64_3.104.1.v20150825-0743.jar:na]
	at org.eclipse.swt.widgets.Display.runAsyncMessages(Display.java:4155) [org.eclipse.swt.win32.win32.x86_64_3.104.1.v20150825-0743.jar:na]
	at org.eclipse.swt.widgets.Display.readAndDispatch(Display.java:3772) [org.eclipse.swt.win32.win32.x86_64_3.104.1.v20150825-0743.jar:na]
	at org.eclipse.e4.ui.internal.workbench.swt.PartRenderingEngine$4.run(PartRenderingEngine.java:1127) [org.eclipse.e4.ui.workbench.swt_0.13.0.v20150504-0621.jar:na]
	at org.eclipse.core.databinding.observable.Realm.runWithDefault(Realm.java:337) [org.eclipse.core.databinding.observable_1.5.0.v20150422-0725.jar:na]
	at org.eclipse.e4.ui.internal.workbench.swt.PartRenderingEngine.run(PartRenderingEngine.java:1018) [org.eclipse.e4.ui.workbench.swt_0.13.0.v20150504-0621.jar:na]
	at org.eclipse.e4.ui.internal.workbench.E4Workbench.createAndRunUI(E4Workbench.java:156) [org.eclipse.e4.ui.workbench_1.3.0.v20150531-1948.jar:na]
	at org.eclipse.ui.internal.Workbench$5.run(Workbench.java:654) [org.eclipse.ui.workbench_3.107.0.v20150825-2206.jar:na]
	at org.eclipse.core.databinding.observable.Realm.runWithDefault(Realm.java:337) [org.eclipse.core.databinding.observable_1.5.0.v20150422-0725.jar:na]
	at org.eclipse.ui.internal.Workbench.createAndRunWorkbench(Workbench.java:598) [org.eclipse.ui.workbench_3.107.0.v20150825-2206.jar:na]
	at org.eclipse.ui.PlatformUI.createAndRunWorkbench(PlatformUI.java:150) [org.eclipse.ui.workbench_3.107.0.v20150825-2206.jar:na]
	at org.eclipse.ui.internal.ide.application.IDEApplication.start(IDEApplication.java:139) [org.eclipse.ui.ide.application_1.1.0.v20150422-0725.jar:na]
	at org.eclipse.equinox.internal.app.EclipseAppHandle.run(EclipseAppHandle.java:196) [org.eclipse.equinox.app_1.3.300.v20150423-1356.jar:na]
	at org.eclipse.core.runtime.internal.adaptor.EclipseAppLauncher.runApplication(EclipseAppLauncher.java:134) [org.eclipse.osgi_3.10.101.v20150820-1432.jar:na]
	at org.eclipse.core.runtime.internal.adaptor.EclipseAppLauncher.start(EclipseAppLauncher.java:104) [org.eclipse.osgi_3.10.101.v20150820-1432.jar:na]
	at org.eclipse.core.runtime.adaptor.EclipseStarter.run(EclipseStarter.java:380) [org.eclipse.osgi_3.10.101.v20150820-1432.jar:na]
	at org.eclipse.core.runtime.adaptor.EclipseStarter.run(EclipseStarter.java:235) [org.eclipse.osgi_3.10.101.v20150820-1432.jar:na]
	at sun.reflect.NativeMethodAccessorImpl.invoke0(Native Method) ~[na:1.7.0_79]
	at sun.reflect.NativeMethodAccessorImpl.invoke(Unknown Source) ~[na:1.7.0_79]
	at sun.reflect.DelegatingMethodAccessorImpl.invoke(Unknown Source) ~[na:1.7.0_79]
	at java.lang.reflect.Method.invoke(Unknown Source) ~[na:1.7.0_79]
	at org.eclipse.equinox.launcher.Main.invokeFramework(Main.java:669) [org.eclipse.equinox.launcher_1.3.100.v20150511-1540.jar:na]
	at org.eclipse.equinox.launcher.Main.basicRun(Main.java:608) [org.eclipse.equinox.launcher_1.3.100.v20150511-1540.jar:na]
	at org.eclipse.equinox.launcher.Main.run(Main.java:1515) [org.eclipse.equinox.launcher_1.3.100.v20150511-1540.jar:na]
	at org.eclipse.equinox.launcher.Main.main(Main.java:1488) [org.eclipse.equinox.launcher_1.3.100.v20150511-1540.jar:na]
2016-05-07 09:09:18,266 [main] INFO  c.g.t.t.d.PublishedGradleVersions - Gradle version information cache file is out-of-date. Remote download required.
2016-05-07 09:09:39,635 [main] ERROR c.g.t.t.d.PublishedGradleVersions - Cannot download published Gradle versions.
java.net.ConnectException: Connection timed out: connect
	at java.net.DualStackPlainSocketImpl.connect0(Native Method) ~[na:1.7.0_79]
	at java.net.DualStackPlainSocketImpl.socketConnect(Unknown Source) ~[na:1.7.0_79]
	at java.net.AbstractPlainSocketImpl.doConnect(Unknown Source) ~[na:1.7.0_79]
	at java.net.AbstractPlainSocketImpl.connectToAddress(Unknown Source) ~[na:1.7.0_79]
	at java.net.AbstractPlainSocketImpl.connect(Unknown Source) ~[na:1.7.0_79]
	at java.net.PlainSocketImpl.connect(Unknown Source) ~[na:1.7.0_79]
	at java.net.SocksSocketImpl.connect(Unknown Source) ~[na:1.7.0_79]
	at java.net.Socket.connect(Unknown Source) ~[na:1.7.0_79]
	at sun.security.ssl.SSLSocketImpl.connect(Unknown Source) ~[na:1.7.0_79]
	at sun.security.ssl.BaseSSLSocketImpl.connect(Unknown Source) ~[na:1.7.0_79]
	at sun.net.NetworkClient.doConnect(Unknown Source) ~[na:1.7.0_79]
	at sun.net.www.http.HttpClient.openServer(Unknown Source) ~[na:1.7.0_79]
	at sun.net.www.http.HttpClient.openServer(Unknown Source) ~[na:1.7.0_79]
	at sun.net.www.protocol.https.HttpsClient.<init>(Unknown Source) ~[na:1.7.0_79]
	at sun.net.www.protocol.https.HttpsClient.New(Unknown Source) ~[na:1.7.0_79]
	at sun.net.www.protocol.https.AbstractDelegateHttpsURLConnection.getNewHttpClient(Unknown Source) ~[na:1.7.0_79]
	at sun.net.www.protocol.http.HttpURLConnection.plainConnect(Unknown Source) ~[na:1.7.0_79]
	at sun.net.www.protocol.https.AbstractDelegateHttpsURLConnection.connect(Unknown Source) ~[na:1.7.0_79]
	at sun.net.www.protocol.http.HttpURLConnection.getInputStream(Unknown Source) ~[na:1.7.0_79]
	at sun.net.www.protocol.https.HttpsURLConnectionImpl.getInputStream(Unknown Source) ~[na:1.7.0_79]
	at com.gradleware.tooling.toolingutils.distribution.PublishedGradleVersions.downloadVersionInformation(PublishedGradleVersions.java:167) [com.gradleware.tooling.utils_0.6.1.v201509101146.jar:na]
	at com.gradleware.tooling.toolingutils.distribution.PublishedGradleVersions.create(PublishedGradleVersions.java:134) [com.gradleware.tooling.utils_0.6.1.v201509101146.jar:na]
	at org.eclipse.buildship.core.util.gradle.PublishedGradleVersionsWrapper.create(PublishedGradleVersionsWrapper.java:40) [org.eclipse.buildship.core_1.0.5.v20150922-2202.jar:na]
	at org.eclipse.buildship.core.util.gradle.PublishedGradleVersionsWrapper.<init>(PublishedGradleVersionsWrapper.java:35) [org.eclipse.buildship.core_1.0.5.v20150922-2202.jar:na]
	at org.eclipse.buildship.core.CorePlugin.createPublishedGradleVersions(CorePlugin.java:166) [org.eclipse.buildship.core_1.0.5.v20150922-2202.jar:na]
	at org.eclipse.buildship.core.CorePlugin.registerServices(CorePlugin.java:139) [org.eclipse.buildship.core_1.0.5.v20150922-2202.jar:na]
	at org.eclipse.buildship.core.CorePlugin.start(CorePlugin.java:102) [org.eclipse.buildship.core_1.0.5.v20150922-2202.jar:na]
	at org.eclipse.osgi.internal.framework.BundleContextImpl$3.run(BundleContextImpl.java:771) [org.eclipse.osgi_3.10.101.v20150820-1432.jar:na]
	at org.eclipse.osgi.internal.framework.BundleContextImpl$3.run(BundleContextImpl.java:1) [org.eclipse.osgi_3.10.101.v20150820-1432.jar:na]
	at java.security.AccessController.doPrivileged(Native Method) [na:1.7.0_79]
	at org.eclipse.osgi.internal.framework.BundleContextImpl.startActivator(BundleContextImpl.java:764) [org.eclipse.osgi_3.10.101.v20150820-1432.jar:na]
	at org.eclipse.osgi.internal.framework.BundleContextImpl.start(BundleContextImpl.java:721) [org.eclipse.osgi_3.10.101.v20150820-1432.jar:na]
	at org.eclipse.osgi.internal.framework.EquinoxBundle.startWorker0(EquinoxBundle.java:941) [org.eclipse.osgi_3.10.101.v20150820-1432.jar:na]
	at org.eclipse.osgi.internal.framework.EquinoxBundle$EquinoxModule.startWorker(EquinoxBundle.java:318) [org.eclipse.osgi_3.10.101.v20150820-1432.jar:na]
	at org.eclipse.osgi.container.Module.doStart(Module.java:571) [org.eclipse.osgi_3.10.101.v20150820-1432.jar:na]
	at org.eclipse.osgi.container.Module.start(Module.java:439) [org.eclipse.osgi_3.10.101.v20150820-1432.jar:na]
	at org.eclipse.osgi.framework.util.SecureAction.start(SecureAction.java:454) [org.eclipse.osgi_3.10.101.v20150820-1432.jar:na]
	at org.eclipse.osgi.internal.hooks.EclipseLazyStarter.postFindLocalClass(EclipseLazyStarter.java:107) [org.eclipse.osgi_3.10.101.v20150820-1432.jar:na]
	at org.eclipse.osgi.internal.loader.classpath.ClasspathManager.findLocalClass(ClasspathManager.java:531) [org.eclipse.osgi_3.10.101.v20150820-1432.jar:na]
	at org.eclipse.osgi.internal.loader.ModuleClassLoader.findLocalClass(ModuleClassLoader.java:324) [org.eclipse.osgi_3.10.101.v20150820-1432.jar:na]
	at org.eclipse.osgi.internal.loader.BundleLoader.findLocalClass(BundleLoader.java:327) [org.eclipse.osgi_3.10.101.v20150820-1432.jar:na]
	at org.eclipse.osgi.internal.loader.sources.SingleSourcePackage.loadClass(SingleSourcePackage.java:36) [org.eclipse.osgi_3.10.101.v20150820-1432.jar:na]
	at org.eclipse.osgi.internal.loader.BundleLoader.findClassInternal(BundleLoader.java:398) [org.eclipse.osgi_3.10.101.v20150820-1432.jar:na]
	at org.eclipse.osgi.internal.loader.BundleLoader.findClass(BundleLoader.java:352) [org.eclipse.osgi_3.10.101.v20150820-1432.jar:na]
	at org.eclipse.osgi.internal.loader.BundleLoader.findClass(BundleLoader.java:344) [org.eclipse.osgi_3.10.101.v20150820-1432.jar:na]
	at org.eclipse.osgi.internal.loader.ModuleClassLoader.loadClass(ModuleClassLoader.java:160) [org.eclipse.osgi_3.10.101.v20150820-1432.jar:na]
	at java.lang.ClassLoader.loadClass(Unknown Source) [na:1.7.0_79]
	at java.lang.Class.getDeclaredConstructors0(Native Method) [na:1.7.0_79]
	at java.lang.Class.privateGetDeclaredConstructors(Unknown Source) [na:1.7.0_79]
	at java.lang.Class.getConstructor0(Unknown Source) [na:1.7.0_79]
	at java.lang.Class.newInstance(Unknown Source) [na:1.7.0_79]
	at org.eclipse.osgi.internal.framework.BundleContextImpl.loadBundleActivator(BundleContextImpl.java:755) [org.eclipse.osgi_3.10.101.v20150820-1432.jar:na]
	at org.eclipse.osgi.internal.framework.BundleContextImpl.start(BundleContextImpl.java:706) [org.eclipse.osgi_3.10.101.v20150820-1432.jar:na]
	at org.eclipse.osgi.internal.framework.EquinoxBundle.startWorker0(EquinoxBundle.java:941) [org.eclipse.osgi_3.10.101.v20150820-1432.jar:na]
	at org.eclipse.osgi.internal.framework.EquinoxBundle$EquinoxModule.startWorker(EquinoxBundle.java:318) [org.eclipse.osgi_3.10.101.v20150820-1432.jar:na]
	at org.eclipse.osgi.container.Module.doStart(Module.java:571) [org.eclipse.osgi_3.10.101.v20150820-1432.jar:na]
	at org.eclipse.osgi.container.Module.start(Module.java:439) [org.eclipse.osgi_3.10.101.v20150820-1432.jar:na]
	at org.eclipse.osgi.framework.util.SecureAction.start(SecureAction.java:454) [org.eclipse.osgi_3.10.101.v20150820-1432.jar:na]
	at org.eclipse.osgi.internal.hooks.EclipseLazyStarter.postFindLocalClass(EclipseLazyStarter.java:107) [org.eclipse.osgi_3.10.101.v20150820-1432.jar:na]
	at org.eclipse.osgi.internal.loader.classpath.ClasspathManager.findLocalClass(ClasspathManager.java:531) [org.eclipse.osgi_3.10.101.v20150820-1432.jar:na]
	at org.eclipse.osgi.internal.loader.ModuleClassLoader.findLocalClass(ModuleClassLoader.java:324) [org.eclipse.osgi_3.10.101.v20150820-1432.jar:na]
	at org.eclipse.osgi.internal.loader.BundleLoader.findLocalClass(BundleLoader.java:327) [org.eclipse.osgi_3.10.101.v20150820-1432.jar:na]
	at org.eclipse.osgi.internal.loader.BundleLoader.findClassInternal(BundleLoader.java:402) [org.eclipse.osgi_3.10.101.v20150820-1432.jar:na]
	at org.eclipse.osgi.internal.loader.BundleLoader.findClass(BundleLoader.java:352) [org.eclipse.osgi_3.10.101.v20150820-1432.jar:na]
	at org.eclipse.osgi.internal.loader.BundleLoader.findClass(BundleLoader.java:344) [org.eclipse.osgi_3.10.101.v20150820-1432.jar:na]
	at org.eclipse.osgi.internal.loader.ModuleClassLoader.loadClass(ModuleClassLoader.java:160) [org.eclipse.osgi_3.10.101.v20150820-1432.jar:na]
	at java.lang.ClassLoader.loadClass(Unknown Source) [na:1.7.0_79]
	at org.eclipse.osgi.internal.framework.EquinoxBundle.loadClass(EquinoxBundle.java:573) [org.eclipse.osgi_3.10.101.v20150820-1432.jar:na]
	at org.eclipse.core.internal.registry.osgi.RegistryStrategyOSGI.createExecutableExtension(RegistryStrategyOSGI.java:174) [org.eclipse.equinox.registry_3.6.0.v20150318-1503.jar:na]
	at org.eclipse.core.internal.registry.ExtensionRegistry.createExecutableExtension(ExtensionRegistry.java:905) [org.eclipse.equinox.registry_3.6.0.v20150318-1503.jar:na]
	at org.eclipse.core.internal.registry.ConfigurationElement.createExecutableExtension(ConfigurationElement.java:243) [org.eclipse.equinox.registry_3.6.0.v20150318-1503.jar:na]
	at org.eclipse.core.internal.registry.ConfigurationElementHandle.createExecutableExtension(ConfigurationElementHandle.java:55) [org.eclipse.equinox.registry_3.6.0.v20150318-1503.jar:na]
	at org.eclipse.ui.internal.console.ConsolePageParticipantExtension.createDelegate(ConsolePageParticipantExtension.java:72) [org.eclipse.ui.console_3.6.100.v20150822-1912.jar:na]
	at org.eclipse.ui.internal.console.ConsoleManager.getPageParticipants(ConsoleManager.java:455) [org.eclipse.ui.console_3.6.100.v20150822-1912.jar:na]
	at org.eclipse.ui.internal.console.ConsoleView.doCreatePage(ConsoleView.java:317) [org.eclipse.ui.console_3.6.100.v20150822-1912.jar:na]
	at org.eclipse.ui.part.PageBookView.createPage(PageBookView.java:422) [org.eclipse.ui.workbench_3.107.0.v20150825-2206.jar:na]
	at org.eclipse.ui.part.PageBookView.partActivated(PageBookView.java:768) [org.eclipse.ui.workbench_3.107.0.v20150825-2206.jar:na]
	at org.eclipse.ui.internal.console.ConsoleView$4.run(ConsoleView.java:398) [org.eclipse.ui.console_3.6.100.v20150822-1912.jar:na]
	at org.eclipse.swt.widgets.RunnableLock.run(RunnableLock.java:35) [org.eclipse.swt.win32.win32.x86_64_3.104.1.v20150825-0743.jar:na]
	at org.eclipse.swt.widgets.Synchronizer.runAsyncMessages(Synchronizer.java:135) [org.eclipse.swt.win32.win32.x86_64_3.104.1.v20150825-0743.jar:na]
	at org.eclipse.swt.widgets.Display.runAsyncMessages(Display.java:4155) [org.eclipse.swt.win32.win32.x86_64_3.104.1.v20150825-0743.jar:na]
	at org.eclipse.swt.widgets.Display.readAndDispatch(Display.java:3772) [org.eclipse.swt.win32.win32.x86_64_3.104.1.v20150825-0743.jar:na]
	at org.eclipse.e4.ui.internal.workbench.swt.PartRenderingEngine$4.run(PartRenderingEngine.java:1127) [org.eclipse.e4.ui.workbench.swt_0.13.0.v20150504-0621.jar:na]
	at org.eclipse.core.databinding.observable.Realm.runWithDefault(Realm.java:337) [org.eclipse.core.databinding.observable_1.5.0.v20150422-0725.jar:na]
	at org.eclipse.e4.ui.internal.workbench.swt.PartRenderingEngine.run(PartRenderingEngine.java:1018) [org.eclipse.e4.ui.workbench.swt_0.13.0.v20150504-0621.jar:na]
	at org.eclipse.e4.ui.internal.workbench.E4Workbench.createAndRunUI(E4Workbench.java:156) [org.eclipse.e4.ui.workbench_1.3.0.v20150531-1948.jar:na]
	at org.eclipse.ui.internal.Workbench$5.run(Workbench.java:654) [org.eclipse.ui.workbench_3.107.0.v20150825-2206.jar:na]
	at org.eclipse.core.databinding.observable.Realm.runWithDefault(Realm.java:337) [org.eclipse.core.databinding.observable_1.5.0.v20150422-0725.jar:na]
	at org.eclipse.ui.internal.Workbench.createAndRunWorkbench(Workbench.java:598) [org.eclipse.ui.workbench_3.107.0.v20150825-2206.jar:na]
	at org.eclipse.ui.PlatformUI.createAndRunWorkbench(PlatformUI.java:150) [org.eclipse.ui.workbench_3.107.0.v20150825-2206.jar:na]
	at org.eclipse.ui.internal.ide.application.IDEApplication.start(IDEApplication.java:139) [org.eclipse.ui.ide.application_1.1.0.v20150422-0725.jar:na]
	at org.eclipse.equinox.internal.app.EclipseAppHandle.run(EclipseAppHandle.java:196) [org.eclipse.equinox.app_1.3.300.v20150423-1356.jar:na]
	at org.eclipse.core.runtime.internal.adaptor.EclipseAppLauncher.runApplication(EclipseAppLauncher.java:134) [org.eclipse.osgi_3.10.101.v20150820-1432.jar:na]
	at org.eclipse.core.runtime.internal.adaptor.EclipseAppLauncher.start(EclipseAppLauncher.java:104) [org.eclipse.osgi_3.10.101.v20150820-1432.jar:na]
	at org.eclipse.core.runtime.adaptor.EclipseStarter.run(EclipseStarter.java:380) [org.eclipse.osgi_3.10.101.v20150820-1432.jar:na]
	at org.eclipse.core.runtime.adaptor.EclipseStarter.run(EclipseStarter.java:235) [org.eclipse.osgi_3.10.101.v20150820-1432.jar:na]
	at sun.reflect.NativeMethodAccessorImpl.invoke0(Native Method) ~[na:1.7.0_79]
	at sun.reflect.NativeMethodAccessorImpl.invoke(Unknown Source) ~[na:1.7.0_79]
	at sun.reflect.DelegatingMethodAccessorImpl.invoke(Unknown Source) ~[na:1.7.0_79]
	at java.lang.reflect.Method.invoke(Unknown Source) ~[na:1.7.0_79]
	at org.eclipse.equinox.launcher.Main.invokeFramework(Main.java:669) [org.eclipse.equinox.launcher_1.3.100.v20150511-1540.jar:na]
	at org.eclipse.equinox.launcher.Main.basicRun(Main.java:608) [org.eclipse.equinox.launcher_1.3.100.v20150511-1540.jar:na]
	at org.eclipse.equinox.launcher.Main.run(Main.java:1515) [org.eclipse.equinox.launcher_1.3.100.v20150511-1540.jar:na]
	at org.eclipse.equinox.launcher.Main.main(Main.java:1488) [org.eclipse.equinox.launcher_1.3.100.v20150511-1540.jar:na]
2016-05-08 08:35:56,169 [main] INFO  c.g.t.t.d.PublishedGradleVersions - Gradle version information cache file is out-of-date. Remote download required.
2016-05-08 13:19:33,585 [main] INFO  c.g.t.t.d.PublishedGradleVersions - Gradle version information cache file is not out-of-date. No remote download required.
2016-05-09 20:35:03,493 [main] INFO  c.g.t.t.d.PublishedGradleVersions - Gradle version information cache file is out-of-date. Remote download required.
2016-05-11 21:13:16,372 [main] INFO  c.g.t.t.d.PublishedGradleVersions - Gradle version information cache file is out-of-date. Remote download required.
2016-05-12 07:35:40,503 [main] INFO  c.g.t.t.d.PublishedGradleVersions - Gradle version information cache file is not out-of-date. No remote download required.
2016-06-29 14:12:39,957 [main] INFO  c.g.t.t.d.PublishedGradleVersions - Gradle version information cache file is out-of-date. Remote download required.
2016-08-01 10:05:37,744 [main] INFO  c.g.t.t.d.PublishedGradleVersions - Gradle version information cache file is out-of-date. Remote download required.
2016-08-15 09:24:34,697 [main] INFO  c.g.t.t.d.PublishedGradleVersions - Gradle version information cache file is out-of-date. Remote download required.
